  2048game.cpp
C:\Users\Emili\Desktop\УНИ\УП\New folder (3)\2048game\2048game\2048game.cpp(72,20): warning C4018: '<': signed/unsigned mismatch
C:\Users\Emili\Desktop\УНИ\УП\New folder (3)\2048game\2048game\2048game.cpp(74,21): warning C4018: '<': signed/unsigned mismatch
C:\Users\Emili\Desktop\УНИ\УП\New folder (3)\2048game\2048game\2048game.cpp(87,20): warning C4018: '<': signed/unsigned mismatch
C:\Users\Emili\Desktop\УНИ\УП\New folder (3)\2048game\2048game\2048game.cpp(89,21): warning C4018: '<': signed/unsigned mismatch
C:\Users\Emili\Desktop\УНИ\УП\New folder (3)\2048game\2048game\2048game.cpp(110,20): warning C4018: '<': signed/unsigned mismatch
C:\Users\Emili\Desktop\УНИ\УП\New folder (3)\2048game\2048game\2048game.cpp(112,21): warning C4018: '<': signed/unsigned mismatch
C:\Users\Emili\Desktop\УНИ\УП\New folder (3)\2048game\2048game\2048game.cpp(118,22): warning C4018: '<': signed/unsigned mismatch
C:\Users\Emili\Desktop\УНИ\УП\New folder (3)\2048game\2048game\2048game.cpp(138,20): warning C4018: '<': signed/unsigned mismatch
C:\Users\Emili\Desktop\УНИ\УП\New folder (3)\2048game\2048game\2048game.cpp(140,21): warning C4018: '<': signed/unsigned mismatch
C:\Users\Emili\Desktop\УНИ\УП\New folder (3)\2048game\2048game\2048game.cpp(182,20): warning C4018: '<': signed/unsigned mismatch
C:\Users\Emili\Desktop\УНИ\УП\New folder (3)\2048game\2048game\2048game.cpp(184,21): warning C4018: '<': signed/unsigned mismatch
C:\Users\Emili\Desktop\УНИ\УП\New folder (3)\2048game\2048game\2048game.cpp(192,14): warning C4018: '<': signed/unsigned mismatch
C:\Users\Emili\Desktop\УНИ\УП\New folder (3)\2048game\2048game\2048game.cpp(196,14): warning C4018: '<': signed/unsigned mismatch
C:\Users\Emili\Desktop\УНИ\УП\New folder (3)\2048game\2048game\2048game.cpp(304,33): warning C4267: 'argument': conversion from 'size_t' to 'int', possible loss of data
C:\Users\Emili\Desktop\УНИ\УП\New folder (3)\2048game\2048game\2048game.cpp(379,20): warning C4018: '<': signed/unsigned mismatch
C:\Users\Emili\Desktop\УНИ\УП\New folder (3)\2048game\2048game\2048game.cpp(381,21): warning C4018: '<': signed/unsigned mismatch
C:\Users\Emili\Desktop\УНИ\УП\New folder (3)\2048game\2048game\2048game.cpp(415,21): warning C4018: '<': signed/unsigned mismatch
C:\Users\Emili\Desktop\УНИ\УП\New folder (3)\2048game\2048game\2048game.cpp(434,11): warning C4018: '<': signed/unsigned mismatch
C:\Users\Emili\Desktop\УНИ\УП\New folder (3)\2048game\2048game\2048game.cpp(449,20): warning C4018: '<': signed/unsigned mismatch
C:\Users\Emili\Desktop\УНИ\УП\New folder (3)\2048game\2048game\2048game.cpp(451,21): warning C4018: '<': signed/unsigned mismatch
C:\Users\Emili\Desktop\УНИ\УП\New folder (3)\2048game\2048game\2048game.cpp(470,11): warning C4018: '<': signed/unsigned mismatch
C:\Users\Emili\Desktop\УНИ\УП\New folder (3)\2048game\2048game\2048game.cpp(485,20): warning C4018: '<': signed/unsigned mismatch
C:\Users\Emili\Desktop\УНИ\УП\New folder (3)\2048game\2048game\2048game.cpp(487,21): warning C4018: '<': signed/unsigned mismatch
C:\Users\Emili\Desktop\УНИ\УП\New folder (3)\2048game\2048game\2048game.cpp(523,21): warning C4018: '<': signed/unsigned mismatch
C:\Users\Emili\Desktop\УНИ\УП\New folder (3)\2048game\2048game\2048game.cpp(537,20): warning C4018: '<': signed/unsigned mismatch
C:\Users\Emili\Desktop\УНИ\УП\New folder (3)\2048game\2048game\2048game.cpp(542,20): warning C4018: '<': signed/unsigned mismatch
C:\Users\Emili\Desktop\УНИ\УП\New folder (3)\2048game\2048game\2048game.cpp(551,20): warning C4018: '<': signed/unsigned mismatch
C:\Users\Emili\Desktop\УНИ\УП\New folder (3)\2048game\2048game\2048game.cpp(556,20): warning C4018: '<': signed/unsigned mismatch
C:\Users\Emili\Desktop\УНИ\УП\New folder (3)\2048game\2048game\2048game.cpp(565,20): warning C4018: '<': signed/unsigned mismatch
C:\Users\Emili\Desktop\УНИ\УП\New folder (3)\2048game\2048game\2048game.cpp(570,20): warning C4018: '<': signed/unsigned mismatch
C:\Users\Emili\Desktop\УНИ\УП\New folder (3)\2048game\2048game\2048game.cpp(579,20): warning C4018: '<': signed/unsigned mismatch
C:\Users\Emili\Desktop\УНИ\УП\New folder (3)\2048game\2048game\2048game.cpp(584,20): warning C4018: '<': signed/unsigned mismatch
C:\Users\Emili\Desktop\УНИ\УП\New folder (3)\2048game\2048game\2048game.cpp(687,12): warning C4244: 'argument': conversion from 'time_t' to 'unsigned int', possible loss of data
  2048game.vcxproj -> C:\Users\Emili\Desktop\УНИ\УП\New folder (3)\2048game\x64\Debug\2048game.exe
